11:49:17 **** Incremental Build of configuration Debug for project STM32_Led_Button ****
make -j8 all 
Building file: ../src/main.c
Invoking: MCU GCC Compiler
D:\EmbeddedCodes\RTOS_Workspace\STM32_Led_Button\Debug
arm-none-eabi-gcc -mcpu=cortex-m4 -mthumb -mfloat-abi=hard -mfpu=fpv4-sp-d16 -DSTM32 -DSTM32F4 -DSTM32F446RETx -DNUCLEO_F446RE -DDEBUG -DSTM32F446xx -DUSE_STDPERIPH_DRIVER -I"D:/EmbeddedCodes/RTOS_Workspace/STM32_Led_Button/Third-party/SEGGER/SEGGER" -I"D:/EmbeddedCodes/RTOS_Workspace/STM32_Led_Button/Third-party/FreeRTOS/org/Source/include" -I"D:/EmbeddedCodes/RTOS_Workspace/STM32_Led_Button/Config" -I"D:/EmbeddedCodes/RTOS_Workspace/STM32_Led_Button/StdPeriph_Driver/inc" -I"D:/EmbeddedCodes/RTOS_Workspace/STM32_Led_Button/Third-party/FreeRTOS/org/Source/include" -I"D:/EmbeddedCodes/RTOS_Workspace/STM32_Led_Button/Third-party/FreeRTOS/org/Source/portable/GCC/ARM_CM4F" -I"D:/EmbeddedCodes/RTOS_Workspace/STM32_Led_Button/Third-party/SEGGER/Config" -I"D:/EmbeddedCodes/RTOS_Workspace/STM32_Led_Button/Third-party/SEGGER/OS" -I"D:/EmbeddedCodes/RTOS_Workspace/STM32_Led_Button/Third-party/FreeRTOS/org/Source/include" -I"D:/EmbeddedCodes/RTOS_Workspace/STM32_Led_Button/Third-party/FreeRTOS/org" -I"D:/EmbeddedCodes/RTOS_Workspace/STM32_Led_Button/inc" -I"D:/EmbeddedCodes/RTOS_Workspace/STM32_Led_Button/CMSIS/device" -I"D:/EmbeddedCodes/RTOS_Workspace/STM32_Led_Button/CMSIS/core" -O0 -g3 -Wall -fmessage-length=0 -ffunction-sections -c -MMD -MP -MF"src/main.d" -MT"src/main.o" -o "src/main.o" "../src/main.c"
Finished building: ../src/main.c
 
Building target: STM32_Led_Button.elf
Invoking: MCU GCC Linker
arm-none-eabi-gcc -mcpu=cortex-m4 -mthumb -mfloat-abi=hard -mfpu=fpv4-sp-d16 -T"D:/EmbeddedCodes/RTOS_Workspace/STM32_Led_Button/LinkerScript.ld" -Wl,-Map=output.map -Wl,--gc-sections -o "STM32_Led_Button.elf" @"objects.list"   -lm
Finished building target: STM32_Led_Button.elf
 
make --no-print-directory post-build
Generating binary and Printing size information:
arm-none-eabi-objcopy -O binary "STM32_Led_Button.elf" "STM32_Led_Button.bin"
arm-none-eabi-size "STM32_Led_Button.elf"
   text	   data	    bss	    dec	    hex	filename
  15388	   1120	  88036	 104544	  19860	STM32_Led_Button.elf
 
11:49:25 **** Programming project STM32_Led_Button on chip ****
"D:\\ProgramFiles\\Ac6\\SystemWorkbench\\plugins\\fr.ac6.mcu.externaltools.openocd.win32_1.23.0.201904120827\\tools\\openocd\\bin\\openocd.exe" -f stm32.flash.8907060388571286085.cfg -s "D:\\EmbeddedCodes\\RTOS_Workspace\\STM32_Led_Button" -s "D:\\ProgramFiles\\Ac6\\SystemWorkbench\\plugins\\fr.ac6.mcu.debug_2.5.0.201904120827\\resources\\openocd\\st_scripts" -c "program Debug/STM32_Led_Button.elf verify reset " -c shutdown 
Open On-Chip Debugger 0.10.0+dev-00021-g524e8c8 (2019-04-12-08:48)
Licensed under GNU GPL v2
For bug reports, read
	http://openocd.org/doc/doxygen/bugs.html
srst_only separate srst_nogate srst_open_drain connect_assert_srst
Info : The selected transport took over low-level target control. The results might differ compared to plain JTAG/SWD
adapter speed: 8000 kHz
adapter_nsrst_delay: 100
Info : clock speed 8000 kHz
Info : STLINK v2.1 JTAG v37 API v2 M27 VID 0x0483 PID 0x374B
Info : using stlink api v2
Info : Target voltage: 3.251053
Info : Unable to match requested speed 8000 kHz, using 4000 kHz
Info : Stlink adapter speed set to 4000 kHz
Info : STM32F446RETx.cpu: hardware has 6 breakpoints, 4 watchpoints
Info : Listening on port 3333 for gdb connections
target halted due to debug-request, current mode: Thread 
xPSR: 0x01000000 pc: 0x0800384c msp: 0x20020000
configuring PLL
Info : Unable to match requested speed 8000 kHz, using 4000 kHz
Info : Stlink adapter speed set to 4000 kHz
Info : Unable to match requested speed 8000 kHz, using 4000 kHz
adapter speed: 4000 kHz
** Programming Started **
auto erase enabled
Info : device id = 0x10006421
Info : flash size = 512kbytes
target halted due to breakpoint, current mode: Thread 
xPSR: 0x61000000 pc: 0x20000046 msp: 0x20020000
wrote 32768 bytes from file Debug/STM32_Led_Button.elf in 1.020183s (31.367 KiB/s)
** Programming Finished **
** Verify Started **
target halted due to breakpoint, current mode: Thread 
xPSR: 0x61000000 pc: 0x2000002e msp: 0x20020000
target halted due to breakpoint, current mode: Thread 
xPSR: 0x61000000 pc: 0x2000002e msp: 0x20020000
verified 16520 bytes in 0.209887s (76.864 KiB/s)
** Verified OK **
** Resetting Target **
shutdown command invoked
11:51:47 **** Incremental Build of configuration Debug for project STM32_Led_Button ****
make -j8 all 
make: Nothing to be done for 'all'.
