17:07:57 **** Programming project STM32_Led_Button on chip ****
"D:\\ProgramFiles\\Ac6\\SystemWorkbench\\plugins\\fr.ac6.mcu.externaltools.openocd.win32_1.23.0.201904120827\\tools\\openocd\\bin\\openocd.exe" -f stm32.flash.5398213264060260782.cfg -s "D:\\EmbeddedCodes\\RTOS_Workspace\\STM32_Led_Button" -s "D:\\ProgramFiles\\Ac6\\SystemWorkbench\\plugins\\fr.ac6.mcu.debug_2.5.0.201904120827\\resources\\openocd\\st_scripts" -c "program Debug/STM32_Led_Button.elf verify reset " -c shutdown 
Open On-Chip Debugger 0.10.0+dev-00021-g524e8c8 (2019-04-12-08:48)
Licensed under GNU GPL v2
For bug reports, read
	http://openocd.org/doc/doxygen/bugs.html
srst_only separate srst_nogate srst_open_drain connect_assert_srst
Info : The selected transport took over low-level target control. The results might differ compared to plain JTAG/SWD
adapter speed: 8000 kHz
adapter_nsrst_delay: 100
Info : clock speed 8000 kHz
Info : STLINK v2.1 JTAG v37 API v2 M27 VID 0x0483 PID 0x374B
Info : using stlink api v2
Info : Target voltage: 3.253649
Info : Unable to match requested speed 8000 kHz, using 4000 kHz
Info : Stlink adapter speed set to 4000 kHz
Info : STM32F446RETx.cpu: hardware has 6 breakpoints, 4 watchpoints
Info : Listening on port 3333 for gdb connections
target halted due to debug-request, current mode: Thread 
xPSR: 0x01000000 pc: 0xfffffffe msp: 0xfffffffc
configuring PLL
Info : Unable to match requested speed 8000 kHz, using 4000 kHz
Info : Stlink adapter speed set to 4000 kHz
Info : Unable to match requested speed 8000 kHz, using 4000 kHz
adapter speed: 4000 kHz
** Programming Started **
auto erase enabled
Info : device id = 0x10006421
Info : flash size = 512kbytes
target halted due to breakpoint, current mode: Thread 
xPSR: 0x61000000 pc: 0x20000046 msp: 0xfffffffc
wrote 16384 bytes from file Debug/STM32_Led_Button.elf in 0.661232s (24.197 KiB/s)
** Programming Finished **
** Verify Started **
target halted due to breakpoint, current mode: Thread 
xPSR: 0x61000000 pc: 0x2000002e msp: 0xfffffffc
target halted due to breakpoint, current mode: Thread 
xPSR: 0x61000000 pc: 0x2000002e msp: 0xfffffffc
verified 15560 bytes in 0.266028s (57.119 KiB/s)
** Verified OK **
** Resetting Target **
shutdown command invoked

17:07:58 Build Finished (took 1s.189ms)

